{"level":"info","message":"No user tiers file found, starting with empty tiers","service":"solana-arb-bot","timestamp":"2025-04-15 09:22:50"}
{"level":"info","message":"Loaded risk settings for 1 users","service":"solana-arb-bot","timestamp":"2025-04-15 09:22:50"}
{"level":"info","message":"No token volatility file found, starting with empty data","service":"solana-arb-bot","timestamp":"2025-04-15 09:22:50"}
{"level":"info","message":"Loaded token lists for 1 users","service":"solana-arb-bot","timestamp":"2025-04-15 09:22:50"}
{"level":"info","message":"No token risk file found, starting with empty assessments","service":"solana-arb-bot","timestamp":"2025-04-15 09:22:50"}
{"level":"info","message":"🚀 Starting Solana Arbitrage Telegram Bot...","service":"solana-arb-bot","timestamp":"2025-04-15 09:22:50"}
{"level":"warn","message":"⚠️ No GOOGLE_CREDENTIALS environment variable found","service":"solana-arb-bot","timestamp":"2025-04-15 09:22:50"}
{"level":"warn","message":"⚠️ No credentials.json file found. Google Sheets functionality will be disabled.","service":"solana-arb-bot","timestamp":"2025-04-15 09:22:50"}
{"level":"info","message":"Using RPC endpoint: https://api.mainnet-beta.solana.com","service":"solana-arb-bot","timestamp":"2025-04-15 09:22:50"}
{"level":"info","message":"✅ Jupiter API client initialized","service":"solana-arb-bot","timestamp":"2025-04-15 09:22:50"}
{"level":"info","message":"Using RPC endpoint: https://api.mainnet-beta.solana.com","service":"solana-arb-bot","timestamp":"2025-04-15 09:22:50"}
{"level":"info","message":"✅ Solana connection initialized","service":"solana-arb-bot","timestamp":"2025-04-15 09:22:50"}
{"level":"info","message":"✅ Wallet initialized with public key: 6CdDLncsDSQPiQGM6mfNGVnsoWhDXfMPC4YVWMWbUhKP","service":"solana-arb-bot","timestamp":"2025-04-15 09:22:51"}
{"level":"info","message":"✅ Telegram bot initialized","service":"solana-arb-bot","timestamp":"2025-04-15 09:22:51"}
{"error":"Cannot read properties of undefined (reading 'id')","level":"error","message":"❌ Uncaught exception","service":"solana-arb-bot","stack":"TypeError: Cannot read properties of undefined (reading 'id')\n    at Server.<anonymous> (/Users/arod/solana-telegram-arb-bot/server.js:247:40)\n    at Object.onceWrapper (node:events:638:28)\n    at Server.emit (node:events:536:35)\n    at Server.<anonymous> (/Users/arod/.nvm/versions/node/v20.19.0/lib/node_modules/pm2/node_modules/@pm2/io/build/main/metrics/httpMetrics.js:153:37)\n    at emitListeningNT (node:net:1951:10)\n    at process.processTicksAndRejections (node:internal/process/task_queues:81:21)","timestamp":"2025-04-15 09:22:51"}
{"level":"info","message":"Gas optimizer initialized","service":"solana-arb-bot","timestamp":"2025-04-15 09:22:51"}
{"level":"info","message":"Gas optimizer initialized","service":"solana-arb-bot","timestamp":"2025-04-15 09:22:51"}
{"level":"info","message":"✅ Wallet SOL balance: 0.452600 SOL (452599693 lamports)","service":"solana-arb-bot","timestamp":"2025-04-15 09:22:51"}
{"level":"info","message":"✅ Balance status: Sufficient SOL balance for trading","service":"solana-arb-bot","timestamp":"2025-04-15 09:22:51"}
{"level":"info","message":"✅ Wallet initialized with 0.452600 SOL","service":"solana-arb-bot","timestamp":"2025-04-15 09:22:51"}
{"code":"ETELEGRAM","level":"error","message":"Error sending Telegram message: ETELEGRAM: 429 Too Many Requests: retry after 186","response":{"body":{"description":"Too Many Requests: retry after 186","error_code":429,"ok":false,"parameters":{"retry_after":186}},"headers":{"access-control-allow-origin":"*","access-control-expose-headers":"Content-Length,Content-Type,Date,Server,Connection","connection":"keep-alive","content-length":"113","content-type":"application/json","date":"Tue, 15 Apr 2025 16:22:51 GMT","retry-after":"186","server":"nginx/1.18.0","strict-transport-security":"max-age=31536000; includeSubDomains; preload"},"request":{"headers":{"content-length":228,"content-type":"application/x-www-form-urlencoded"},"method":"POST","uri":{"auth":null,"hash":null,"host":"api.telegram.org","hostname":"api.telegram.org","href":"https://api.telegram.org/bot8011564429:AAFDLPdOtpcslsZIyqk8HIkJqeUnzplF9SA/sendMessage","path":"/bot8011564429:AAFDLPdOtpcslsZIyqk8HIkJqeUnzplF9SA/sendMessage","pathname":"/bot8011564429:AAFDLPdOtpcslsZIyqk8HIkJqeUnzplF9SA/sendMessage","port":443,"protocol":"https:","query":null,"search":null,"slashes":true}},"statusCode":429},"service":"solana-arb-bot","stack":"Error: ETELEGRAM: 429 Too Many Requests: retry after 186\n    at /Users/arod/solana-telegram-arb-bot/node_modules/node-telegram-bot-api/src/telegram.js:299:15\n    at tryCatcher (/Users/arod/solana-telegram-arb-bot/node_modules/bluebird/js/release/util.js:16:23)\n    at Promise._settlePromiseFromHandler (/Users/arod/solana-telegram-arb-bot/node_modules/bluebird/js/release/promise.js:547:31)\n    at Promise._settlePromise (/Users/arod/solana-telegram-arb-bot/node_modules/bluebird/js/release/promise.js:604:18)\n    at Promise._settlePromise0 (/Users/arod/solana-telegram-arb-bot/node_modules/bluebird/js/release/promise.js:649:10)\n    at Promise._settlePromises (/Users/arod/solana-telegram-arb-bot/node_modules/bluebird/js/release/promise.js:729:18)\n    at _drainQueueStep (/Users/arod/solana-telegram-arb-bot/node_modules/bluebird/js/release/async.js:93:12)\n    at _drainQueue (/Users/arod/solana-telegram-arb-bot/node_modules/bluebird/js/release/async.js:86:9)\n    at Async._drainQueues (/Users/arod/solana-telegram-arb-bot/node_modules/bluebird/js/release/async.js:102:5)\n    at Async.drainQueues [as _onImmediate] (/Users/arod/solana-telegram-arb-bot/node_modules/bluebird/js/release/async.js:15:14)\n    at process.processImmediate (node:internal/timers:483:21)","timestamp":"2025-04-15 09:22:51"}
